2024-08-15 00:09:52,130 - ERROR - Ошибка при загрузке предметов из файла: [Errno 2] No such file or directory: 'subjects.csv'
2024-08-15 00:10:25,020 - INFO - Загружены предметы: set()
2024-08-15 00:11:28,852 - INFO - Загружены предметы: set()
2024-08-15 00:11:28,852 - ERROR - Ошибка: Предмет Математика не найден
2024-08-15 00:11:28,852 - ERROR - Ошибка при добавлении оценки: Предмет Математика не найден
2024-08-15 00:11:59,434 - INFO - Загружены предметы: {'Математика'}
2024-08-15 00:11:59,434 - INFO - Добавлена оценка 4 по предмету Математика
2024-08-15 00:13:43,442 - INFO - Загружены предметы: {'История', 'Математика'}
2024-08-15 00:13:43,442 - INFO - Добавлен результат теста 85 по предмету История
2024-08-15 00:14:33,327 - INFO - Загружены предметы: {'Математика', 'История'}
2024-08-15 00:15:49,594 - INFO - Загружены предметы: {'История', 'Математика'}
2024-08-15 00:15:49,595 - ERROR - Ошибка при вычислении среднего результата теста: 'Математика'
2024-08-15 00:22:27,999 - INFO - Загружены предметы: {'История', 'Математика'}
2024-08-15 00:22:27,999 - INFO - Добавлена оценка 4 по предмету Математика
2024-08-15 00:23:38,446 - INFO - Загружены предметы: {'История', 'Математика'}
2024-08-15 00:23:38,446 - ERROR - Ошибка при вычислении среднего результата теста: 'Математика'
2024-08-15 00:33:17,082 - INFO - Загружены предметы: {'Математика', 'История'}
2024-08-15 00:33:27,114 - INFO - Загружены предметы: {'История', 'Математика'}
2024-08-15 00:33:27,114 - INFO - Добавлена оценка 4 по предмету Математика
2024-08-15 00:33:27,115 - INFO - Файл subjects.csv обновлен
2024-08-15 00:34:05,937 - INFO - Загружены предметы: {'Математика', 'История', 'ИсторияМатематика'}
2024-08-15 00:34:32,582 - ERROR - Ошибка при загрузке предметов из файла: list index out of range
2024-08-15 00:34:39,138 - ERROR - Ошибка при загрузке предметов из файла: list index out of range
2024-08-15 00:35:06,066 - ERROR - Ошибка при загрузке предметов из файла: list index out of range
2024-08-15 00:35:42,185 - ERROR - Ошибка при загрузке предметов из файла: list index out of range
2024-08-15 00:37:34,308 - INFO - Загружены предметы: {'Химия', 'Математика', 'Физика'}
2024-08-15 00:37:49,517 - INFO - Загружены предметы: {'Математика', 'Физика', 'Химия'}
2024-08-15 00:37:49,517 - INFO - Добавлена оценка 4 по предмету Математика
2024-08-15 00:37:49,518 - INFO - Файл subjects.csv обновлен
2024-08-15 00:38:05,403 - INFO - Загружены предметы: {'Физика', 'Математика', 'Химия'}
2024-08-15 00:38:05,403 - ERROR - Ошибка: Предмет История не найден
2024-08-15 00:38:05,404 - ERROR - Ошибка при добавлении результата теста: Предмет История не найден
2024-08-15 00:38:33,680 - INFO - Загружены предметы: {'Математика', 'Физика', 'Химия', 'История'}
2024-08-15 00:38:33,680 - INFO - Добавлен результат теста 85 по предмету История
2024-08-15 00:38:33,680 - INFO - Файл subjects.csv обновлен
2024-08-15 00:39:00,782 - INFO - Загружены предметы: {'История', 'Математика', 'Химия', 'Физика'}
2024-08-15 00:39:13,989 - INFO - Загружены предметы: {'Математика', 'Физика', 'История', 'Химия'}
2024-08-15 00:40:19,756 - INFO - Загружены предметы: {'Физика', 'Химия', 'Математика', 'История'}
2024-08-15 00:43:54,507 - INFO - Загружены предметы: {'Математика', 'Химия', 'История', 'Физика'}
2024-08-15 00:43:58,459 - INFO - Загружены предметы: {'Математика', 'Химия', 'Физика', 'История'}
2024-08-15 00:43:58,459 - INFO - Добавлена оценка 4 по предмету Математика
2024-08-15 00:43:58,459 - INFO - Файл subjects.csv обновлен
2024-08-15 00:44:03,783 - INFO - Загружены предметы: {'История', 'Химия', 'Физика', 'Математика'}
2024-08-15 00:44:03,783 - INFO - Добавлен результат теста 85 по предмету История
2024-08-15 00:44:03,783 - INFO - Файл subjects.csv обновлен
2024-08-15 00:44:10,987 - INFO - Загружены предметы: {'Математика', 'Физика', 'Химия', 'История'}
2024-08-15 00:44:18,349 - INFO - Загружены предметы: {'История', 'Химия', 'Математика', 'Физика'}
2024-08-15 00:45:05,260 - INFO - Загружены предметы: {'Математика', 'История', 'Физика', 'Химия'}
2024-08-15 00:45:05,260 - INFO - Добавлен результат теста 85 по предмету Математика
2024-08-15 00:45:05,261 - INFO - Файл subjects.csv обновлен
2024-08-15 00:45:47,196 - INFO - Загружены предметы: {'Химия', 'Математика', 'Физика', 'История'}
2024-08-15 00:45:47,196 - INFO - Добавлена оценка 4 по предмету История
2024-08-15 00:45:47,197 - INFO - Файл subjects.csv обновлен
